<?xml version="1.0" encoding="UTF-8"?>
<testng-results skipped="0" failed="0" ignored="0" total="1" passed="1">
  <reporter-output>
  </reporter-output>
  <suite name="Default suite" duration-ms="86" started-at="2019-10-05T16:44:49Z" finished-at="2019-10-05T16:44:49Z">
    <groups>
    </groups>
    <test name="Default test" duration-ms="86" started-at="2019-10-05T16:44:49Z" finished-at="2019-10-05T16:44:49Z">
      <class name="com.airway.qa.Demo2">
        <test-method status="PASS" signature="demo()[pri:0, instance:com.airway.qa.Demo2@46d56d67]" name="demo" duration-ms="34" started-at="2019-10-05T16:44:49Z" finished-at="2019-10-05T16:44:49Z">
          <reporter-output>
          </reporter-output>
        </test-method> <!-- demo -->
      </class> <!-- com.airway.qa.Demo2 -->
    </test> <!-- Default test -->
  </suite> <!-- Default suite -->
</testng-results>
